
> build
> vite build

vite v6.2.0 building for production...
transforming...
✓ 2970 modules transformed.
rendering chunks...
warnings when minifying css:
▲ [WARNING] Unexpected ")" [css-syntax-error]

    <stdin>:2:10250:
      2 │ ...0)}::-webkit-scrollbar-track:is(){background-color:var(--color-g...
        ╵                                    ^


▲ [WARNING] Unexpected ")" [css-syntax-error]

    <stdin>:2:10412:
      2 │ ...px}::-webkit-scrollbar-thumb:is(){background-color:var(--color-g...
        ╵                                    ^


▲ [WARNING] Unexpected ")" [css-syntax-error]

    <stdin>:2:10559:
      2 │ ...webkit-scrollbar-thumb:hover:is(){background-color:var(--color-g...
        ╵                                    ^


▲ [WARNING] Unexpected ")" [css-syntax-error]

    <stdin>:2:71445:
      2 │ ...:grid-cols-\[1fr_auto\]:has(:is()){grid-template-columns:1fr aut...
        ╵                                    ^


▲ [WARNING] Unexpected ")" [css-syntax-error]

    <stdin>:2:71549:
      2 │ ...var\(--spacing\)\*4\)_1fr\]:has(){grid-template-columns:calc(var...
        ╵                                    ^


▲ [WARNING] Unexpected ")" [css-syntax-error]

    <stdin>:2:71631:
      2 │ ....has-\[\&gt\;svg\]\:gap-x-3:has(){column-gap:calc(var(--spacing)...
        ╵                                    ^


computing gzip size...
public/build/manifest.json                          31.88 kB │ gzip:   3.12 kB
public/build/assets/app-Cew58o9L.css               110.79 kB │ gzip:  18.43 kB
public/build/assets/index-DKzQjuL9.js                0.23 kB │ gzip:   0.17 kB
public/build/assets/input-error-DpEHTRum.js          0.24 kB │ gzip:   0.20 kB
public/build/assets/heading-small-Cis2sYiH.js        0.26 kB │ gzip:   0.21 kB
public/build/assets/check-bAmELU6X.js                0.30 kB │ gzip:   0.25 kB
public/build/assets/chevron-down-COBbE1o9.js         0.31 kB │ gzip:   0.25 kB
public/build/assets/loader-circle-DVgIR8S-.js        0.33 kB │ gzip:   0.27 kB
public/build/assets/x-BWpTMUM4.js                    0.34 kB │ gzip:   0.26 kB
public/build/assets/filter-C0-dzqT6.js               0.35 kB │ gzip:   0.27 kB
public/build/assets/arrow-left-Bfs5M3F-.js           0.35 kB │ gzip:   0.27 kB
public/build/assets/arrow-right-CGX1wDMJ.js          0.35 kB │ gzip:   0.27 kB
public/build/assets/text-link-DFHwUB8I.js            0.36 kB │ gzip:   0.26 kB
public/build/assets/info-CH66FU0h.js                 0.38 kB │ gzip:   0.29 kB
public/build/assets/trending-up-DUJJEJ7R.js          0.39 kB │ gzip:   0.29 kB
public/build/assets/copy-DInjwKkt.js                 0.42 kB │ gzip:   0.32 kB
public/build/assets/external-link-BTVqjP2G.js        0.43 kB │ gzip:   0.31 kB
public/build/assets/calendar-poXRnwcE.js             0.44 kB │ gzip:   0.31 kB
public/build/assets/download-B9h2967h.js             0.45 kB │ gzip:   0.33 kB
public/build/assets/zap-MFHatbQA.js                  0.45 kB │ gzip:   0.32 kB
public/build/assets/file-text-BCHnOdx5.js            0.52 kB │ gzip:   0.33 kB
public/build/assets/index-opScQw-Z.js                0.54 kB │ gzip:   0.39 kB
public/build/assets/copy-button-BeO0eftv.js          0.63 kB │ gzip:   0.40 kB
public/build/assets/circle-help-arXMONue.js          0.66 kB │ gzip:   0.35 kB
public/build/assets/label-EOdSD-W1.js                0.68 kB │ gzip:   0.43 kB
public/build/assets/card-VVSbN6bs.js                 0.80 kB │ gzip:   0.32 kB
public/build/assets/input-C4xEQ8w6.js                0.82 kB │ gzip:   0.45 kB
public/build/assets/app-logo-icon-eqyHESfP.js        0.87 kB │ gzip:   0.49 kB
public/build/assets/sun-BPk17RZ_.js                  0.92 kB │ gzip:   0.42 kB
public/build/assets/alert-CjsMOk8-.js                1.07 kB │ gzip:   0.53 kB
public/build/assets/auth-layout-BB5o5sxx.js          1.10 kB │ gzip:   0.47 kB
public/build/assets/badge-CC8QBKEs.js                1.15 kB │ gzip:   0.57 kB
public/build/assets/verify-email-CuNW2zeL.js         1.16 kB │ gzip:   0.67 kB
public/build/assets/users-BD3QE-2z.js                1.23 kB │ gzip:   0.49 kB
public/build/assets/confirm-password-BAgjuITd.js     1.41 kB │ gzip:   0.73 kB
public/build/assets/layout-5i_yPIh9.js               1.53 kB │ gzip:   0.70 kB
public/build/assets/createLucideIcon-BuK2UTKM.js     1.57 kB │ gzip:   0.66 kB
public/build/assets/monitors-j_jvTKKF.js             1.61 kB │ gzip:   0.75 kB
public/build/assets/forgot-password-Dr_T5O5P.js      1.66 kB │ gzip:   0.84 kB
public/build/assets/citations-D6WZ2TvD.js            1.78 kB │ gzip:   0.85 kB
public/build/assets/table-IvV68gZi.js                1.86 kB │ gzip:   0.62 kB
public/build/assets/Step1-Vzpg6Dlp.js                1.89 kB │ gzip:   0.91 kB
public/build/assets/appearance-lkPtSpdk.js           1.95 kB │ gzip:   1.00 kB
public/build/assets/reset-password-c94aNudy.js       2.16 kB │ gzip:   0.83 kB
public/build/assets/register--fXAzBRB.js             2.65 kB │ gzip:   1.00 kB
public/build/assets/sitemap-wm25mlPV.js              2.70 kB │ gzip:   0.98 kB
public/build/assets/Error-Dd5RpZZP.js                2.72 kB │ gzip:   1.23 kB
public/build/assets/password-Dq-Hjr1l.js             2.86 kB │ gzip:   1.08 kB
public/build/assets/OnboardingLayout-DjfrzTGm.js     2.99 kB │ gzip:   1.07 kB
public/build/assets/Step3-DGMQQLll.js                3.27 kB │ gzip:   1.27 kB
public/build/assets/crawler-analytics-DF1pqK8x.js    3.30 kB │ gzip:   1.31 kB
public/build/assets/prompts-DQ1a1msv.js              4.19 kB │ gzip:   1.47 kB
public/build/assets/chart-Cmu0Dkq5.js                4.63 kB │ gzip:   1.95 kB
public/build/assets/index-B80cwGgs.js                4.74 kB │ gzip:   1.95 kB
public/build/assets/profile-Dlx2WqWy.js              4.75 kB │ gzip:   1.83 kB
public/build/assets/login-BWZJu7zV.js                5.37 kB │ gzip:   2.33 kB
public/build/assets/CartesianGrid-2cCnc8yk.js        6.22 kB │ gzip:   2.20 kB
public/build/assets/responses-BTv3iz4L.js            6.25 kB │ gzip:   2.13 kB
public/build/assets/billing-CtcQ4NFg.js              7.02 kB │ gzip:   2.29 kB
public/build/assets/Legend-C4CChUGP.js               7.33 kB │ gzip:   2.50 kB
public/build/assets/en-US-D8UQXs-H.js                7.68 kB │ gzip:   2.73 kB
public/build/assets/Step2-BgcZEbjm.js                7.78 kB │ gzip:   1.96 kB
public/build/assets/monitors-CGAj04iH.js             9.44 kB │ gzip:   2.56 kB
public/build/assets/citations-B1xGBEKY.js            9.70 kB │ gzip:   3.41 kB
public/build/assets/LineChart-sUicWjrL.js            9.83 kB │ gzip:   3.94 kB
public/build/assets/prompts-table-CelWNByI.js       10.92 kB │ gzip:   2.97 kB
public/build/assets/dashboard-DWZwzl5D.js           12.62 kB │ gzip:   3.68 kB
public/build/assets/usage-DTB9LZDj.js               13.34 kB │ gzip:   4.65 kB
public/build/assets/AreaChart-outsFoLa.js           14.22 kB │ gzip:   4.81 kB
public/build/assets/PieChart-eKWK0LFp.js            14.29 kB │ gzip:   4.96 kB
public/build/assets/transition-B6Su6sRa.js          14.33 kB │ gzip:   5.67 kB
public/build/assets/tabs-B3AEYqFV.js                14.73 kB │ gzip:   5.56 kB
public/build/assets/BarChart-Bh-d7rBv.js            15.63 kB │ gzip:   5.35 kB
public/build/assets/analytics-BT__qb9X.js           21.65 kB │ gzip:   5.84 kB
public/build/assets/crawlers-DjutI-98.js            25.74 kB │ gzip:   7.44 kB
public/build/assets/button-CpeXnlJ-.js              25.76 kB │ gzip:   8.84 kB
public/build/assets/tooltipContext-B7Ywm8ye.js      26.53 kB │ gzip:   6.99 kB
public/build/assets/welcome-BqeFlNLw.js             30.78 kB │ gzip:   7.86 kB
public/build/assets/responses-table-qh7Ni4Kv.js     32.74 kB │ gzip:  11.07 kB
public/build/assets/YAxis-7S4S4uWz.js               35.10 kB │ gzip:  10.20 kB
public/build/assets/show-LnjZn684.js                44.80 kB │ gzip:   9.21 kB
public/build/assets/app-layout-DndYq9xB.js         115.80 kB │ gzip:  36.20 kB
public/build/assets/CartesianChart-BOFvHa4U.js     237.50 kB │ gzip:  75.97 kB
public/build/assets/app-B-YIZ9s_.js                331.94 kB │ gzip: 108.19 kB
✓ built in 6.28s
